[debug] [2024-12-01T14:11:19.883Z] ----------------------------------------------------------------------
[debug] [2024-12-01T14:11:19.886Z] Command:       C:\Program Files\nodejs\node.exe C:\Users\prana\AppData\Roaming\npm\node_modules\firebase-tools\lib\bin\firebase.js init
[debug] [2024-12-01T14:11:19.886Z] CLI Version:   13.27.0
[debug] [2024-12-01T14:11:19.886Z] Platform:      win32
[debug] [2024-12-01T14:11:19.886Z] Node Version:  v20.11.0
[debug] [2024-12-01T14:11:19.886Z] Time:          Sun Dec 01 2024 19:41:19 GMT+0530 (India Standard Time)
[debug] [2024-12-01T14:11:19.887Z] ----------------------------------------------------------------------
[debug] 
[debug] [2024-12-01T14:11:19.890Z] >>> [apiv2][query] GET https://firebase-public.firebaseio.com/cli.json [none]
[debug] [2024-12-01T14:11:19.945Z] > command requires scopes: ["email","openid","https://www.googleapis.com/auth/cloudplatformprojects.readonly","https://www.googleapis.com/auth/firebase","https://www.googleapis.com/auth/cloud-platform"]
[debug] [2024-12-01T14:11:19.945Z] > authorizing via signed-in user (yashsarda2002@gmail.com)
[info] 
     ######## #### ########  ######## ########     ###     ######  ########
     ##        ##  ##     ## ##       ##     ##  ##   ##  ##       ##
     ######    ##  ########  ######   ########  #########  ######  ######
     ##        ##  ##    ##  ##       ##     ## ##     ##       ## ##
     ##       #### ##     ## ######## ########  ##     ##  ######  ########

You're about to initialize a Firebase project in this directory:

  D:\POWER_BI\power_bi_reports

[debug] [2024-12-01T14:11:20.564Z] <<< [apiv2][status] GET https://firebase-public.firebaseio.com/cli.json 200
[debug] [2024-12-01T14:11:20.564Z] <<< [apiv2][body] GET https://firebase-public.firebaseio.com/cli.json {"cloudBuildErrorAfter":1594252800000,"cloudBuildWarnAfter":1590019200000,"defaultNode10After":1594252800000,"minVersion":"3.0.5","node8DeploysDisabledAfter":1613390400000,"node8RuntimeDisabledAfter":1615809600000,"node8WarnAfter":1600128000000}
[info] 
=== Project Setup
[info] 
[info] First, let's associate this project directory with a Firebase project.
[info] You can create multiple project aliases by running firebase use --add, 
[info] but for now we'll just set up a default project.
[info] 
[debug] [2024-12-01T14:14:18.224Z] Using project from CLI flag: power-bi-a996a
[debug] [2024-12-01T14:14:18.225Z] Checked if tokens are valid: false, expires at: 1732275002432
[debug] [2024-12-01T14:14:18.225Z] Checked if tokens are valid: false, expires at: 1732275002432
[debug] [2024-12-01T14:14:18.225Z] > refreshing access token with scopes: []
[debug] [2024-12-01T14:14:18.226Z] >>> [apiv2][query] POST https://www.googleapis.com/oauth2/v3/token [none]
[debug] [2024-12-01T14:14:18.226Z] >>> [apiv2][body] POST https://www.googleapis.com/oauth2/v3/token [omitted]
[debug] [2024-12-01T14:14:18.440Z] <<< [apiv2][status] POST https://www.googleapis.com/oauth2/v3/token 200
[debug] [2024-12-01T14:14:18.440Z] <<< [apiv2][body] POST https://www.googleapis.com/oauth2/v3/token [omitted]
[debug] [2024-12-01T14:14:18.460Z] >>> [apiv2][query] GET https://firebase.googleapis.com/v1beta1/projects/power-bi-a996a [none]
[debug] [2024-12-01T14:14:18.919Z] <<< [apiv2][status] GET https://firebase.googleapis.com/v1beta1/projects/power-bi-a996a 200
[debug] [2024-12-01T14:14:18.919Z] <<< [apiv2][body] GET https://firebase.googleapis.com/v1beta1/projects/power-bi-a996a {"projectId":"power-bi-a996a","projectNumber":"737066616162","displayName":"Power-BI","name":"projects/power-bi-a996a","resources":{"hostingSite":"power-bi-a996a"},"state":"ACTIVE","etag":"1_7aa71dc8-8996-4c0a-943b-78f6fdf86344"}
[info] i  Using project power-bi-a996a (Power-BI) 
[info] 
=== Hosting Setup
[debug] [2024-12-01T14:14:18.934Z] Checked if tokens are valid: true, expires at: 1733066057440
[debug] [2024-12-01T14:14:18.934Z] Checked if tokens are valid: true, expires at: 1733066057440
[debug] [2024-12-01T14:14:18.935Z] >>> [apiv2][query] GET https://firebase.googleapis.com/v1beta1/projects/power-bi-a996a [none]
[debug] [2024-12-01T14:14:19.249Z] <<< [apiv2][status] GET https://firebase.googleapis.com/v1beta1/projects/power-bi-a996a 200
[debug] [2024-12-01T14:14:19.249Z] <<< [apiv2][body] GET https://firebase.googleapis.com/v1beta1/projects/power-bi-a996a {"projectId":"power-bi-a996a","projectNumber":"737066616162","displayName":"Power-BI","name":"projects/power-bi-a996a","resources":{"hostingSite":"power-bi-a996a"},"state":"ACTIVE","etag":"1_7aa71dc8-8996-4c0a-943b-78f6fdf86344"}
[info] 
[info] Your public directory is the folder (relative to your project directory) that
[info] will contain Hosting assets to be uploaded with firebase deploy. If you
[info] have a build process for your assets, use your build's output directory.
[info] 
